<?xml version="1.0" encoding="UTF-8" ?>
<testsuite tests="18" failures="0" name="smc.optimizer.OptimizerTest" time="0.041" errors="0" skipped="0">
  <properties>
[...]
</properties>
  <testcase classname="smc.optimizer.OptimizerTest$AcceptanceTests" name="turnstyle3" time="0.022"/>
  <testcase classname="smc.optimizer.OptimizerTest$superStateTransitions" name="overridingTransitions" time="0.001"/>
  <testcase classname="smc.optimizer.OptimizerTest$superStateTransitions" name="simpleInheritanceOfTransitions" time="0.001"/>
  <testcase classname="smc.optimizer.OptimizerTest$superStateTransitions" name="diamondInheritanceOfTransitions" time="0.001"/>
  <testcase classname="smc.optimizer.OptimizerTest$superStateTransitions" name="deepInheritanceOfTransitions" time="0.001"/>
  <testcase classname="smc.optimizer.OptimizerTest$superStateTransitions" name="multipleInheritanceOfTransitions" time="0.001"/>
  <testcase classname="smc.optimizer.OptimizerTest$superStateTransitions" name="eliminationOfDuplicateTransitions" time="0.001"/>
  <testcase classname="smc.optimizer.OptimizerTest$EntryAndExitActions" name="firstSuperStateEntryAndExitActionsAreAdded" time="0"/>
  <testcase classname="smc.optimizer.OptimizerTest$EntryAndExitActions" name="multipleSuperStateEntryAndExitActionsAreAdded" time="0.001"/>
  <testcase classname="smc.optimizer.OptimizerTest$EntryAndExitActions" name="diamondSuperStateEntryAndExitActionsAreAdded" time="0.002"/>
  <testcase classname="smc.optimizer.OptimizerTest$EntryAndExitActions" name="entryFunctionsAdded" time="0.001"/>
  <testcase classname="smc.optimizer.OptimizerTest$EntryAndExitActions" name="exitFunctionsAdded" time="0.001"/>
  <testcase classname="smc.optimizer.OptimizerTest$BasicOptimizerFunctions" name="header" time="0.001"/>
  <testcase classname="smc.optimizer.OptimizerTest$BasicOptimizerFunctions" name="eventsArePreserved" time="0.003"/>
  <testcase classname="smc.optimizer.OptimizerTest$BasicOptimizerFunctions" name="abstractStatesAreRemoved" time="0.002"/>
  <testcase classname="smc.optimizer.OptimizerTest$BasicOptimizerFunctions" name="actionsArePreserved" time="0"/>
  <testcase classname="smc.optimizer.OptimizerTest$BasicOptimizerFunctions" name="statesArePreserved" time="0.001"/>
  <testcase classname="smc.optimizer.OptimizerTest$BasicOptimizerFunctions" name="simpleStateMachine" time="0.001"/>
</testsuite>